

SYSTEM_START	-	LL-NB-08	LL-NB-08	2019-12-09 08:50:24


SYSTEM_INFO	CarMaker 8.0.2 - Car_Generic #252	fh@obelix.ipg 2019-08-30 13:18:55	(8.0.2 fh@obelix.ipg 2019-08-30 13:18:50)
SIM	1575877825	LL-NB-08			0	0	0
SIM	1575877826	LL-NB-08	ll_stkapate	unknown	0	1.567	1.95524
SIM	1575877847	LL-NB-08	ll_stkapate	unknown	0	17.443	416.017
SIM	1575878114	LL-NB-08	ll_stkapate	unknown	0	30	939.232


SYSTEM_START	-	LL-NB-08	LL-NB-08	2019-12-09 08:56:19


SYSTEM_INFO	CarMaker 8.0.2 - Car_Generic #252	fh@obelix.ipg 2019-08-30 13:18:55	(8.0.2 fh@obelix.ipg 2019-08-30 13:18:50)
SIM	1575878181	LL-NB-08			0	0	0


SYSTEM_START	-	LL-NB-08	LL-NB-08	2019-12-09 08:56:42


SYSTEM_INFO	CarMaker 8.0.2 - Car_Generic #252	fh@obelix.ipg 2019-08-30 13:18:55	(8.0.2 fh@obelix.ipg 2019-08-30 13:18:50)
SIM	1575878203	LL-NB-08			0	0	0
SIM	1575878206	LL-NB-08	ll_stkapate	unknown	0	4.406	23.5656
SIM	1575878249	LL-NB-08	ll_stkapate	unknown	0	7.164	67.6949


SYSTEM_START	-	LL-NB-08	LL-NB-08	2019-12-09 09:03:39


SYSTEM_INFO	CarMaker 8.0.2 - Car_Generic #252	fh@obelix.ipg 2019-08-30 13:18:55	(8.0.2 fh@obelix.ipg 2019-08-30 13:18:50)
SIM	1575878620	LL-NB-08			0	0	0
SIM	1575878621	LL-NB-08	ll_stkapate	test_run_kp	0	2.466	0.177711
SIM	1575878657	LL-NB-08	ll_stkapate	test_run_kp	0	30	780.216
SIM	1575878858	LL-NB-08	ll_stkapate	test_run_kp	0	22.018	449.992


SYSTEM_START	-	LL-NB-08	LL-NB-08	2019-12-09 09:08:02


SYSTEM_INFO	CarMaker 8.0.2 - Car_Generic #252	fh@obelix.ipg 2019-08-30 13:18:55	(8.0.2 fh@obelix.ipg 2019-08-30 13:18:50)
SIM	1575878883	LL-NB-08			0	0	0
SIM	1575878890	LL-NB-08	ll_stkapate	test_run_kp	0	5.312	14.9911
SIM	1575878953	LL-NB-08	ll_stkapate	test_run_kp	0	5.649	18.357
SIM	1575881422	LL-NB-08	ll_stkapate	test_run_kp	0	33.976	945.918


SYSTEM_START	-	LL-NB-08	LL-NB-08	2019-12-09 09:51:13


SYSTEM_INFO	CarMaker 8.0.2 - Car_Generic #252	fh@obelix.ipg 2019-08-30 13:18:55	(8.0.2 fh@obelix.ipg 2019-08-30 13:18:50)
SIM	1575881474	LL-NB-08			0	0	0
SIM	1575881477	LL-NB-08	ll_stkapate	test_run_kp	0	2.602	0.343832


SYSTEM_START	-	LL-NB-08	LL-NB-08	2019-12-09 09:53:28


SYSTEM_INFO	CarMaker 8.0.2 - Car_Generic #252	fh@obelix.ipg 2019-08-30 13:18:55	(8.0.2 fh@obelix.ipg 2019-08-30 13:18:50)
SIM	1575881609	LL-NB-08			0	0	0
SIM	1575881612	LL-NB-08	ll_stkapate	test_run_kp	0	6.913	33.5281


SYSTEM_START	-	LL-NB-08	LL-NB-08	2019-12-09 09:54:34


SYSTEM_INFO	CarMaker 8.0.2 - Car_Generic #252	fh@obelix.ipg 2019-08-30 13:18:55	(8.0.2 fh@obelix.ipg 2019-08-30 13:18:50)
SIM	1575881675	LL-NB-08			0	0	0
SIM	1575881736	LL-NB-08	ll_stkapate	test_run_kp	0	27.688	684.306


SYSTEM_START	-	LL-NB-08	LL-NB-08	2019-12-09 11:06:24


SYSTEM_INFO	CarMaker 8.0.2 - Car_Generic #252	fh@obelix.ipg 2019-08-30 13:18:55	(8.0.2 fh@obelix.ipg 2019-08-30 13:18:50)
SIM	1575885984	LL-NB-08			0	0	0
SIM	1575885986	LL-NB-08	ll_stkapate	test_run_kp	0	8.344	53.9105
SIM	1575886992	LL-NB-08	ll_stkapate	test_run_kp	0	13.686	164.434


SYSTEM_START	-	LL-NB-08	LL-NB-08	2019-12-09 14:09:50


SYSTEM_INFO	CarMaker 8.0.2 - Car_Generic #252	fh@obelix.ipg 2019-08-30 13:18:55	(8.0.2 fh@obelix.ipg 2019-08-30 13:18:50)
SIM	1575896991	LL-NB-08			0	0	0
SIM	1575896992	LL-NB-08	ll_stkapate	test_run_kp	0	1.063	6.55947e-005


SYSTEM_START	-	LL-NB-08	LL-NB-08	2019-12-09 14:10:24


SYSTEM_INFO	CarMaker 8.0.2 - Car_Generic #252	fh@obelix.ipg 2019-08-30 13:18:55	(8.0.2 fh@obelix.ipg 2019-08-30 13:18:50)
SIM	1575897025	LL-NB-08			0	0	0
SIM	1575897027	LL-NB-08	ll_stkapate	test_run_kp	0	14.302	181.213
SIM	1575897080	LL-NB-08	ll_stkapate	test_run_kp	0	2.752	0.594172


SYSTEM_START	-	LL-NB-08	LL-NB-08	2019-12-09 14:20:13


SYSTEM_INFO	CarMaker 8.0.2 - Car_Generic #252	fh@obelix.ipg 2019-08-30 13:18:55	(8.0.2 fh@obelix.ipg 2019-08-30 13:18:50)
SIM	1575897614	LL-NB-08			0	0	0


SYSTEM_START	-	LL-NB-08	LL-NB-08	2019-12-09 14:20:35


SYSTEM_INFO	CarMaker 8.0.2 - Car_Generic #252	fh@obelix.ipg 2019-08-30 13:18:55	(8.0.2 fh@obelix.ipg 2019-08-30 13:18:50)
SIM	1575897636	LL-NB-08			0	0	0
SIM	1575897638	LL-NB-08	ll_stkapate	test_run_kp	0	6.794	32.0469
SIM	1575897830	LL-NB-08	ll_stkapate	test_run_kp	0	6.406	27.1985
SIM	1575897842	LL-NB-08	ll_stkapate	test_run_kp	0	35.168	995.588


SYSTEM_START	-	LL-NB-08	LL-NB-08	2019-12-09 14:26:09


SYSTEM_INFO	CarMaker 8.0.2 - Car_Generic #252	fh@obelix.ipg 2019-08-30 13:18:55	(8.0.2 fh@obelix.ipg 2019-08-30 13:18:50)
SIM	1575897970	LL-NB-08			0	0	0
SIM	1575897972	LL-NB-08	ll_stkapate	test_run_kp	0	35.168	995.588


SYSTEM_START	-	LL-NB-08	LL-NB-08	2019-12-09 14:27:05


SYSTEM_INFO	CarMaker 8.0.2 - Car_Generic #252	fh@obelix.ipg 2019-08-30 13:18:55	(8.0.2 fh@obelix.ipg 2019-08-30 13:18:50)
SIM	1575898026	LL-NB-08			0	0	0
SIM	1575898030	LL-NB-08	ll_stkapate	test_run_kp	0	8.368	54.271
SIM	1575898159	LL-NB-08	ll_stkapate	test_run_kp	0	6.885	33.1798


SYSTEM_START	-	LL-NB-08	LL-NB-08	2019-12-09 14:45:52


SYSTEM_INFO	CarMaker 8.0.2 - Car_Generic #252	fh@obelix.ipg 2019-08-30 13:18:55	(8.0.2 fh@obelix.ipg 2019-08-30 13:18:50)
SIM	1575899153	LL-NB-08			0	0	0
SIM	1575899154	LL-NB-08	ll_stkapate	test_run_kp	0	5.747	19.4029


SYSTEM_START	-	LL-NB-08	LL-NB-08	2019-12-09 14:47:16


SYSTEM_INFO	CarMaker 8.0.2 - Car_Generic #252	fh@obelix.ipg 2019-08-30 13:18:55	(8.0.2 fh@obelix.ipg 2019-08-30 13:18:50)
SIM	1575899237	LL-NB-08			0	0	0


SYSTEM_START	-	LL-NB-08	LL-NB-08	2019-12-09 14:47:26


SYSTEM_INFO	CarMaker 8.0.2 - Car_Generic #252	fh@obelix.ipg 2019-08-30 13:18:55	(8.0.2 fh@obelix.ipg 2019-08-30 13:18:50)
SIM	1575899247	LL-NB-08			0	0	0
SIM	1575899248	LL-NB-08	ll_stkapate	test_run_kp	0	1.549	0.000154076


SYSTEM_START	-	LL-NB-08	LL-NB-08	2019-12-09 14:48:55


SYSTEM_INFO	CarMaker 8.0.2 - Car_Generic #252	fh@obelix.ipg 2019-08-30 13:18:55	(8.0.2 fh@obelix.ipg 2019-08-30 13:18:50)
SIM	1575899336	LL-NB-08			0	0	0
SIM	1575899346	LL-NB-08	ll_stkapate	test_run_kp	0	3.22	1.8215


SYSTEM_START	-	LL-NB-08	LL-NB-08	2019-12-09 14:50:02


SYSTEM_INFO	CarMaker 8.0.2 - Car_Generic #252	fh@obelix.ipg 2019-08-30 13:18:55	(8.0.2 fh@obelix.ipg 2019-08-30 13:18:50)
SIM	1575899404	LL-NB-08			0	0	0
SIM	1575899411	LL-NB-08	ll_stkapate	test_run_kp	0	4.54	8.66388


SYSTEM_START	-	LL-NB-08	LL-NB-08	2019-12-09 14:51:57


SYSTEM_INFO	CarMaker 8.0.2 - Car_Generic #252	fh@obelix.ipg 2019-08-30 13:18:55	(8.0.2 fh@obelix.ipg 2019-08-30 13:18:50)
SIM	1575899518	LL-NB-08			0	0	0
SIM	1575899520	LL-NB-08	ll_stkapate	test_run_kp	0	0	0
SIM	1575899795	LL-NB-08	ll_stkapate	test_run_kp	0	17.244	224.477
SIM	1575899852	LL-NB-08	ll_stkapate	test_run_kp	0	2.989	1.13168


SYSTEM_START	-	LL-NB-08	LL-NB-08	2019-12-09 14:58:04


SYSTEM_INFO	CarMaker 8.0.2 - Car_Generic #252	fh@obelix.ipg 2019-08-30 13:18:55	(8.0.2 fh@obelix.ipg 2019-08-30 13:18:50)
SIM	1575899885	LL-NB-08			0	0	0
SIM	1575903104	LL-NB-08	ll_stkapate	test_run_kp	0	4.793	10.5228
SIM	1575903194	LL-NB-08	ll_stkapate	test_run_kp	0	7.192	37.0874
SIM	1575905837	LL-NB-08	ll_stkapate	test_run_kp	0	11.324	108.794
SIM	1575905966	LL-NB-08	ll_stkapate	test_run_kp	0	10.816	98.4767


SYSTEM_START	-	LL-NB-08	LL-NB-08	2019-12-09 16:40:38


SYSTEM_INFO	CarMaker 8.0.2 - Car_Generic #252	fh@obelix.ipg 2019-08-30 13:18:55	(8.0.2 fh@obelix.ipg 2019-08-30 13:18:50)
SIM	1575906039	LL-NB-08			0	0	0
SIM	1575906041	LL-NB-08	ll_stkapate	test_run_kp	0	1.362	0.000104027


SYSTEM_START	-	LL-NB-08	LL-NB-08	2019-12-10 08:44:49


SYSTEM_INFO	CarMaker 8.0.2 - Car_Generic #252	fh@obelix.ipg 2019-08-30 13:18:55	(8.0.2 fh@obelix.ipg 2019-08-30 13:18:50)
SIM	1575963890	LL-NB-08			0	0	0
SIM	1575963891	LL-NB-08	ll_stkapate	test_run_kp	0	3.933	4.93612
SIM	1575963926	LL-NB-08	ll_stkapate	test_run_kp	0	2.638	0.397508
SIM	1575965047	LL-NB-08	ll_stkapate	test_run_kp	0	2.062	0.000307054
SIM	1575965460	LL-NB-08	ll_stkapate	test_run_kp	0	11.937	121.98


SYSTEM_START	-	LL-NB-08	LL-NB-08	2019-12-10 09:11:19


SYSTEM_INFO	CarMaker 8.0.2 - Car_Generic #252	fh@obelix.ipg 2019-08-30 13:18:55	(8.0.2 fh@obelix.ipg 2019-08-30 13:18:50)
SIM	1575965480	LL-NB-08			0	0	0


SYSTEM_START	-	LL-NB-08	LL-NB-08	2019-12-10 09:12:00


SYSTEM_INFO	CarMaker 8.0.2 - Car_Generic #252	fh@obelix.ipg 2019-08-30 13:18:55	(8.0.2 fh@obelix.ipg 2019-08-30 13:18:50)
SIM	1575965521	LL-NB-08			0	0	0
SIM	1575965523	LL-NB-08	ll_stkapate	test_run_kp	0	6.201	24.6386
SIM	1575965663	LL-NB-08	ll_stkapate	test_run_kp	0	2.53	0.248664


SYSTEM_START	-	LL-NB-08	LL-NB-08	2019-12-10 09:15:00


SYSTEM_INFO	CarMaker 8.0.2 - Car_Generic #252	fh@obelix.ipg 2019-08-30 13:18:55	(8.0.2 fh@obelix.ipg 2019-08-30 13:18:50)
SIM	1575965701	LL-NB-08			0	0	0
SIM	1575965703	LL-NB-08	ll_stkapate	test_run_kp	0	0.976	5.44525e-005
SIM	1575966652	LL-NB-08	ll_stkapate	test_run_kp	0	1.869	0.000271367


SYSTEM_START	-	LL-NB-08	LL-NB-08	2019-12-10 09:31:14


SYSTEM_INFO	CarMaker 8.0.2 - Car_Generic #252	fh@obelix.ipg 2019-08-30 13:18:55	(8.0.2 fh@obelix.ipg 2019-08-30 13:18:50)
SIM	1575966675	LL-NB-08			0	0	0
SIM	1575966679	LL-NB-08	ll_stkapate	test_run_kp	0	6.281	25.6398
SIM	1575966745	LL-NB-08	ll_stkapate	test_run_kp	0	6.211	24.7734
SIM	1575966885	LL-NB-08	ll_stkapate	test_run_kp	0	5.087	12.9453
SIM	1575967018	LL-NB-08	ll_stkapate	test_run_kp	0	0.776	2.38682e-005


SYSTEM_START	-	LL-NB-08	LL-NB-08	2019-12-10 09:37:25


SYSTEM_INFO	CarMaker 8.0.2 - Car_Generic #252	fh@obelix.ipg 2019-08-30 13:18:55	(8.0.2 fh@obelix.ipg 2019-08-30 13:18:50)
SIM	1575967046	LL-NB-08			0	0	0
SIM	1575967048	LL-NB-08	ll_stkapate	test_run_kp	0	2.657	0.427471
SIM	1575967166	LL-NB-08	ll_stkapate	test_run_kp	0	3.566	3.15297
SIM	1575967236	LL-NB-08	ll_stkapate	test_run_kp	0	6.855	32.8065
SIM	1575967396	LL-NB-08	ll_stkapate	test_run_kp	0	12.492	134.679
SIM	1575972767	LL-NB-08	ll_stkapate	test_run_kp	0	0.662	1.07652e-005
SIM	1575972876	LL-NB-08	ll_stkapate	test_run_kp	0	35.168	995.588
SIM	1575973005	LL-NB-08	ll_stkapate	test_run_kp	0	0.341	2.08908e-006
SIM	1575973176	LL-NB-08	ll_stkapate	test_run_kp	0	0.351	2.18465e-006
SIM	1575973258	LL-NB-08	ll_stkapate	test_run_kp	0	0.371	2.38207e-006
SIM	1575973401	LL-NB-08	ll_stkapate	test_run_kp	0	0.561	5.00178e-006
SIM	1575973835	LL-NB-08	ll_stkapate	test_run_kp	0	4.4	7.71902


SYSTEM_START	-	LL-NB-08	LL-NB-08	2019-12-10 11:31:54


SYSTEM_INFO	CarMaker 8.0.2 - Car_Generic #252	fh@obelix.ipg 2019-08-30 13:18:55	(8.0.2 fh@obelix.ipg 2019-08-30 13:18:50)
SIM	1575973914	LL-NB-08			0	0	0
SIM	1575973945	LL-NB-08	ll_stkapate	test_run_kp	0	3.666	3.60176
SIM	1575974145	LL-NB-08	ll_stkapate	test_run_kp	0	6.418	27.3494


SYSTEM_START	-	LL-NB-08	LL-NB-08	2019-12-10 11:36:42


SYSTEM_INFO	CarMaker 8.0.2 - Car_Generic #252	fh@obelix.ipg 2019-08-30 13:18:55	(8.0.2 fh@obelix.ipg 2019-08-30 13:18:50)
SIM	1575974202	LL-NB-08			0	0	0
SIM	1575974216	LL-NB-08	ll_stkapate	test_run_kp	0	5.134	13.3591


SYSTEM_START	-	LL-NB-08	LL-NB-08	2019-12-10 11:39:25


SYSTEM_INFO	CarMaker 8.0.2 - Car_Generic #252	fh@obelix.ipg 2019-08-30 13:18:55	(8.0.2 fh@obelix.ipg 2019-08-30 13:18:50)
SIM	1575974365	LL-NB-08			0	0	0
SIM	1575974381	LL-NB-08	ll_stkapate	test_run_kp	0	16.845	259.087
SIM	1575974658	LL-NB-08	ll_stkapate	test_run_kp	0	19.382	347.228
SIM	1575974735	LL-NB-08	ll_stkapate	test_run_kp	0	0.851	3.53869e-005
SIM	1575974992	LL-NB-08	ll_stkapate	test_run_kp	0	2.919	0.954969
SIM	1575975063	LL-NB-08	ll_stkapate	test_run_kp	0	3.315	2.15197


SYSTEM_START	-	LL-NB-08	LL-NB-08	2019-12-10 11:51:28


SYSTEM_INFO	CarMaker 8.0.2 - Car_Generic #252	fh@obelix.ipg 2019-08-30 13:18:55	(8.0.2 fh@obelix.ipg 2019-08-30 13:18:50)
SIM	1575975089	LL-NB-08			0	0	0
SIM	1575975099	LL-NB-08	ll_stkapate	test_run_kp	0	0.069	2.07175e-007
SIM	1575975120	LL-NB-08	ll_stkapate	test_run_kp	0	0.749	2.01972e-005
SIM	1575975319	LL-NB-08	ll_stkapate	test_run_kp	0	0.381	2.48259e-006
SIM	1575975604	LL-NB-08	ll_stkapate	test_run_kp	0	0.761	2.1928e-005
SIM	1575975785	LL-NB-08	ll_stkapate	test_run_kp	0	3.79	4.197


SYSTEM_START	-	LL-NB-08	LL-NB-08	2019-12-10 12:05:44


SYSTEM_INFO	CarMaker 8.0.2 - Car_Generic #252	fh@obelix.ipg 2019-08-30 13:18:55	(8.0.2 fh@obelix.ipg 2019-08-30 13:18:50)
SIM	1575975944	LL-NB-08			0	0	0
SIM	1575975954	LL-NB-08	ll_stkapate	test_run_kp	0	1.154	7.5538e-005
SIM	1575976060	LL-NB-08	ll_stkapate	test_run_kp	0	2.805	0.699355


SYSTEM_START	-	LL-NB-08	LL-NB-08	2019-12-10 12:08:07


SYSTEM_INFO	CarMaker 8.0.2 - Car_Generic #252	fh@obelix.ipg 2019-08-30 13:18:55	(8.0.2 fh@obelix.ipg 2019-08-30 13:18:50)
SIM	1575976089	LL-NB-08			0	0	0


SYSTEM_START	-	LL-NB-08	LL-NB-08	2019-12-10 12:08:22


SYSTEM_INFO	CarMaker 8.0.2 - Car_Generic #252	fh@obelix.ipg 2019-08-30 13:18:55	(8.0.2 fh@obelix.ipg 2019-08-30 13:18:50)
SIM	1575976104	LL-NB-08			0	0	0
SIM	1575976105	LL-NB-08	ll_stkapate	test_run_kp	0	0.535	4.29387e-006
SIM	1575980838	LL-NB-08	ll_stkapate	test_run_kp	0	8.922	62.8238
SIM	1575980882	LL-NB-08	ll_stkapate	test_run_kp	0	0.681	1.25709e-005
SIM	1575981344	LL-NB-08	ll_stkapate	test_run_kp	0	2.308	0.05745
SIM	1575981571	LL-NB-08	ll_stkapate	test_run_kp	0	4.223	6.60143
SIM	1575981781	LL-NB-08	ll_stkapate	test_run_kp	0	0.161	7.413e-007
SIM	1575981848	LL-NB-08	ll_stkapate	test_run_kp	0	2.241	0.0288373
SIM	1575982061	LL-NB-08	ll_stkapate	test_run_kp	0	2.384	0.10622
SIM	1575982168	LL-NB-08	ll_stkapate	test_run_kp	0	2.233	0.026213
SIM	1575982427	LL-NB-08	ll_stkapate	test_run_kp	0	1.414	0.000115035
SIM	1575982490	LL-NB-08	ll_stkapate	test_run_kp	0	13.858	169.019
SIM	1575982631	LL-NB-08	ll_stkapate	test_run_kp	0	6.141	23.922
SIM	1575982679	LL-NB-08	ll_stkapate	test_run_kp	0	1.812	0.000254183
SIM	1575982985	LL-NB-08	ll_stkapate	test_run_kp	0	1.793	0.000247203
SIM	1575983116	LL-NB-08	ll_stkapate	test_run_kp	0	35.168	995.588
SIM	1575983426	LL-NB-08	ll_stkapate	test_run_kp	0	3.672	3.62958
SIM	1575983447	LL-NB-08	ll_stkapate	test_run_kp	0	5.027	12.4276
SIM	1575983616	LL-NB-08	ll_stkapate	test_run_kp	0	12.315	130.535
SIM	1575983659	LL-NB-08	ll_stkapate	test_run_kp	0	35.168	995.588
SIM	1575983758	LL-NB-08	ll_stkapate	test_run_kp	0	1.202	8.08869e-005
SIM	1575983834	LL-NB-08	ll_stkapate	test_run_kp	0	1.072	6.67435e-005
SIM	1575983901	LL-NB-08	ll_stkapate	test_run_kp	0	0.971	5.38852e-005
SIM	1575984012	LL-NB-08	ll_stkapate	test_run_kp	0	4.371	7.53681
SIM	1575984718	LL-NB-08	ll_stkapate	test_run_kp	0	0.661	1.07652e-005
SIM	1575984792	LL-NB-08	ll_stkapate	test_run_kp	0	0.582	5.81624e-006
SIM	1575985810	LL-NB-08	ll_stkapate	test_run_kp	0	35.168	995.588
SIM	1575985901	LL-NB-08	ll_stkapate	test_run_kp	0	21.49	429.086
SIM	1575986208	LL-NB-08	ll_stkapate	test_run_kp	0	13.568	161.333
SIM	1575986318	LL-NB-08	ll_stkapate	test_run_kp	0	1.862	0.000269725
SIM	1575986357	LL-NB-08	ll_stkapate	test_run_kp	0	35.168	995.588
SIM	1575986844	LL-NB-08	ll_stkapate	test_run_kp	0	20.605	394.297


SYSTEM_START	-	LL-NB-08	LL-NB-08	2019-12-11 08:29:01


SYSTEM_INFO	CarMaker 8.0.2 - Car_Generic #252	fh@obelix.ipg 2019-08-30 13:18:55	(8.0.2 fh@obelix.ipg 2019-08-30 13:18:50)
SIM	1576049341	LL-NB-08			0	0	0
SIM	1576049343	LL-NB-08	ll_stkapate	test_run_kp	0	0.786	2.52977e-005
SIM	1576049851	LL-NB-08	ll_stkapate	test_run_kp	0	17.164	269.49
SIM	1576050357	LL-NB-08	ll_stkapate	test_run_kp	0	6.994	34.5351
SIM	1576050476	LL-NB-08	ll_stkapate	test_run_kp	0	0.562	5.06711e-006
SIM	1576050938	LL-NB-08	ll_stkapate	test_run_kp	0	10.235	86.9615
SIM	1576051144	LL-NB-08	ll_stkapate	test_run_kp	0	1.814	0.000254522
SIM	1576051875	LL-NB-08	ll_stkapate	test_run_kp	0	12.774	141.374
SIM	1576052484	LL-NB-08	ll_stkapate	test_run_kp	0	8.447	55.457
SIM	1576052576	LL-NB-08	ll_stkapate	test_run_kp	0	11.052	103.226
SIM	1576052680	LL-NB-08	ll_stkapate	test_run_kp	0	12.112	125.923
SIM	1576052835	LL-NB-08	ll_stkapate	test_run_kp	0	5.61	17.9492
SIM	1576052916	LL-NB-08	ll_stkapate	test_run_kp	0	8.253	52.5425
SIM	1576052951	LL-NB-08	ll_stkapate	test_run_kp	0	5.843	20.4566
SIM	1576052986	LL-NB-08	ll_stkapate	test_run_kp	0	2.536	0.255973
SIM	1576053128	LL-NB-08	ll_stkapate	test_run_kp	0	2.224	0.0231283
SIM	1576053181	LL-NB-08	ll_stkapate	test_run_kp	0	9.723	76.9142


SYSTEM_START	-	LL-NB-08	LL-NB-08	2019-12-11 09:33:42


SYSTEM_INFO	CarMaker 8.0.2 - Car_Generic #252	fh@obelix.ipg 2019-08-30 13:18:55	(8.0.2 fh@obelix.ipg 2019-08-30 13:18:50)
SIM	1576053223	LL-NB-08			0	0	0
SIM	1576053226	LL-NB-08	ll_stkapate	test_run_kp	0	5.285	14.737
SIM	1576053281	LL-NB-08	ll_stkapate	test_run_kp	0	10.227	86.8025
SIM	1576053315	LL-NB-08	ll_stkapate	test_run_kp	0	1.041	6.29837e-005
SIM	1576053323	LL-NB-08	ll_stkapate	test_run_kp	0	10.675	95.6808
SIM	1576053454	LL-NB-08	ll_stkapate	test_run_kp	0	8.346	53.9405


SYSTEM_START	-	LL-NB-08	LL-NB-08	2019-12-11 09:38:19


SYSTEM_INFO	CarMaker 8.0.2 - Car_Generic #252	fh@obelix.ipg 2019-08-30 13:18:55	(8.0.2 fh@obelix.ipg 2019-08-30 13:18:50)
SIM	1576053500	LL-NB-08			0	0	0
SIM	1576053563	LL-NB-08	ll_stkapate	test_run_kp	0	8.936	63.0352
SIM	1576053631	LL-NB-08	ll_stkapate	test_run_kp	0	15.405	213.831
SIM	1576053690	LL-NB-08	ll_stkapate	test_run_kp	0	10.122	84.7333
SIM	1576053753	LL-NB-08	ll_stkapate	test_run_kp	0	5.624	18.095
SIM	1576053854	LL-NB-08	ll_stkapate	test_run_kp	0	1.903	0.000279558
SIM	1576053951	LL-NB-08	ll_stkapate	test_run_kp	0	10.892	100.011
SIM	1576059420	LL-NB-08	ll_stkapate	test_run_kp	0	20.231	379.586
SIM	1576059517	LL-NB-08	ll_stkapate	test_run_kp	0	1.061	6.53623e-005
SIM	1576059528	LL-NB-08	ll_stkapate	test_run_kp	0	5.555	17.3821
SIM	1576059576	LL-NB-08	ll_stkapate	test_run_kp	0	11.849	120.036
SIM	1576059621	LL-NB-08	ll_stkapate	test_run_kp	0	7.408	40.0175
SIM	1576059649	LL-NB-08	ll_stkapate	test_run_kp	0	6.671	30.5133
SIM	1576059681	LL-NB-08	ll_stkapate	test_run_kp	0	6.458	27.8513
SIM	1576059700	LL-NB-08	ll_stkapate	test_run_kp	0	6.048	22.8026
SIM	1576059721	LL-NB-08	ll_stkapate	test_run_kp	0	7.095	35.8174
SIM	1576059748	LL-NB-08	ll_stkapate	test_run_kp	0	6.305	25.9275
SIM	1576059790	LL-NB-08	ll_stkapate	test_run_kp	0	11.157	105.345
SIM	1576059821	LL-NB-08	ll_stkapate	test_run_kp	0	7.192	37.0874
SIM	1576059839	LL-NB-08	ll_stkapate	test_run_kp	0	10.569	93.5844
SIM	1576059864	LL-NB-08	ll_stkapate	test_run_kp	0	6.47	28.0016
SIM	1576059880	LL-NB-08	ll_stkapate	test_run_kp	0	35.168	995.588
SIM	1576059935	LL-NB-08	ll_stkapate	test_run_kp	0	9.129	66.2436
SIM	1576059970	LL-NB-08	ll_stkapate	test_run_kp	0	6.034	22.6383
SIM	1576059990	LL-NB-08	ll_stkapate	test_run_kp	0	3.234	1.86851
SIM	1576060012	LL-NB-08	ll_stkapate	test_run_kp	0	6.165	24.2001
SIM	1576060034	LL-NB-08	ll_stkapate	test_run_kp	0	1.872	0.000272167
SIM	1576060085	LL-NB-08	ll_stkapate	test_run_kp	0	4.439	7.97646
SIM	1576060098	LL-NB-08	ll_stkapate	test_run_kp	0	0	0
SIM	1576060103	LL-NB-08	ll_stkapate	test_run_kp	0	8.106	50.3293
SIM	1576060129	LL-NB-08	ll_stkapate	test_run_kp	0	12.45	133.671
SIM	1576060151	LL-NB-08	ll_stkapate	test_run_kp	0	10.276	87.7759
SIM	1576060181	LL-NB-08	ll_stkapate	test_run_kp	0	4.113	5.94528
SIM	1576060201	LL-NB-08	ll_stkapate	test_run_kp	0	6.688	30.7254
SIM	1576060221	LL-NB-08	ll_stkapate	test_run_kp	0	4.826	10.7804
SIM	1576060233	LL-NB-08	ll_stkapate	test_run_kp	0	3.848	4.49001
SIM	1576060248	LL-NB-08	ll_stkapate	test_run_kp	0	6.414	27.2991
SIM	1576060274	LL-NB-08	ll_stkapate	test_run_kp	0	4.193	6.41967
SIM	1576060289	LL-NB-08	ll_stkapate	test_run_kp	0	5.81	20.0911
SIM	1576060311	LL-NB-08	ll_stkapate	test_run_kp	0	5.686	18.7484
SIM	1576060334	LL-NB-08	ll_stkapate	test_run_kp	0	4.102	5.88123
SIM	1576060359	LL-NB-08	ll_stkapate	test_run_kp	0	5.115	13.191
SIM	1576060377	LL-NB-08	ll_stkapate	test_run_kp	0	4.133	6.06246
SIM	1576060389	LL-NB-08	ll_stkapate	test_run_kp	0	4.129	6.03895
SIM	1576060399	LL-NB-08	ll_stkapate	test_run_kp	0	4.003	5.31834
SIM	1576060412	LL-NB-08	ll_stkapate	test_run_kp	0	4.921	11.5421
SIM	1576060427	LL-NB-08	ll_stkapate	test_run_kp	0	2.977	1.10032
SIM	1576060441	LL-NB-08	ll_stkapate	test_run_kp	0	2.907	0.926181
SIM	1576060536	LL-NB-08	ll_stkapate	test_run_kp	0	7.953	48.0211
SIM	1576060558	LL-NB-08	ll_stkapate	test_run_kp	0	7.24	37.7262
SIM	1576060579	LL-NB-08	ll_stkapate	test_run_kp	0	3.307	2.1231
SIM	1576060599	LL-NB-08	ll_stkapate	test_run_kp	0	5.172	13.6989
SIM	1576060811	LL-NB-08	ll_stkapate	test_run_kp	0	3.563	3.13994
SIM	1576060834	LL-NB-08	ll_stkapate	test_run_kp	0	9.644	75.4279
SIM	1576060855	LL-NB-08	ll_stkapate	test_run_kp	0	2.145	0.00567864
SIM	1576060870	LL-NB-08	ll_stkapate	test_run_kp	0	3.032	1.24763
SIM	1576060887	LL-NB-08	ll_stkapate	test_run_kp	0	3.113	1.48164
SIM	1576060902	LL-NB-08	ll_stkapate	test_run_kp	0	4.321	7.21032
SIM	1576060915	LL-NB-08	ll_stkapate	test_run_kp	0	7.457	40.7024
SIM	1576061074	LL-NB-08	ll_stkapate	test_run_kp	0	20.117	375.155
SIM	1576061228	LL-NB-08	ll_stkapate	test_run_kp	0	11.532	113.175
SIM	1576061248	LL-NB-08	ll_stkapate	test_run_kp	0	9.823	78.8245
SIM	1576061287	LL-NB-08	ll_stkapate	test_run_kp	0	0.611	7.24254e-006
SIM	1576061302	LL-NB-08	ll_stkapate	test_run_kp	0	9.807	78.5167
SIM	1576061487	LL-NB-08	ll_stkapate	test_run_kp	0	8.222	52.0761
SIM	1576061505	LL-NB-08	ll_stkapate	test_run_kp	0	4.412	7.79776
SIM	1576061558	LL-NB-08	ll_stkapate	test_run_kp	0	4.647	9.42546
SIM	1576061584	LL-NB-08	ll_stkapate	test_run_kp	0	2.58	0.313028
SIM	1576061611	LL-NB-08	ll_stkapate	test_run_kp	0	7.676	43.854
SIM	1576061624	LL-NB-08	ll_stkapate	test_run_kp	0	34.393	963.295
SIM	1576061703	LL-NB-08	ll_stkapate	test_run_kp	0	5.211	14.0526
SIM	1576063004	LL-NB-08	ll_stkapate	test_run_kp	0	10.813	98.4171
SIM	1576075328	LL-NB-08	ll_stkapate	test_run_kp	0	13.604	162.275
SIM	1576075487	LL-NB-08	ll_stkapate	test_run_kp	0	14.327	181.915
SIM	1576075580	LL-NB-08	ll_stkapate	test_run_kp	0	0.22	1.12122e-006
SIM	1576075591	LL-NB-08	ll_stkapate	test_run_kp	0	12.412	132.808
SIM	1576075756	LL-NB-08	ll_stkapate	test_run_kp	0	15.632	220.93
SIM	1576079286	LL-NB-08	ll_stkapate	test_run_kp	0	35.168	995.588
SIM	1576079497	LL-NB-08	ll_stkapate	test_run_kp	0	6.224	24.9209
SIM	1576079514	LL-NB-08	ll_stkapate	test_run_kp	0	35.168	995.588
SIM	1576080222	LL-NB-08	ll_stkapate	test_run_kp	0	0.951	5.09811e-005
SIM	1576080326	LL-NB-08	ll_stkapate	test_run_kp	0	4.761	10.284
SIM	1576080394	LL-NB-08	ll_stkapate	test_run_kp	0	29.497	759.285
SIM	1576080483	LL-NB-08	ll_stkapate	test_run_kp	0	18.861	328.098
SIM	1576080513	LL-NB-08	ll_stkapate	test_run_kp	0	2.394	0.113161
SIM	1576080576	LL-NB-08	ll_stkapate	test_run_kp	0	35.168	995.588


SYSTEM_START	-	LL-NB-08	LL-NB-08	2019-12-12 08:22:21


SYSTEM_INFO	CarMaker 8.0.2 - Car_Generic #252	fh@obelix.ipg 2019-08-30 13:18:55	(8.0.2 fh@obelix.ipg 2019-08-30 13:18:50)
SIM	1576135343	LL-NB-08			0	0	0
SIM	1576135345	LL-NB-08	ll_stkapate	test_run_kp	0	2.221	0.0222432
SIM	1576135403	LL-NB-08	ll_stkapate	test_run_kp	0	35.168	995.588
SIM	1576135653	LL-NB-08	ll_stkapate	test_run_kp	0	5.914	21.2543
SIM	1576135775	LL-NB-08	ll_stkapate	test_run_kp	0	5.179	13.762
SIM	1576136037	LL-NB-08	ll_stkapate	test_run_kp	0	14.194	178.199
SIM	1576136330	LL-NB-08	ll_stkapate	test_run_kp	0	35.168	995.588
SIM	1576137976	LL-NB-08	ll_stkapate	test_run_kp	0	13.776	195.974
SIM	1576138051	LL-NB-08	ll_stkapate	test_run_kp	0	8.205	59.6504
SIM	1576138109	LL-NB-08	ll_stkapate	test_run_kp	0	11.332	126.007
SIM	1576138167	LL-NB-08	ll_stkapate	test_run_kp	0	8.852	71.749
SIM	1576138213	LL-NB-08	ll_stkapate	test_run_kp	0	19.071	392.552
SIM	1576138679	LL-NB-08	ll_stkapate	test_run_kp	0	7.626	49.9111
SIM	1576138722	LL-NB-08	ll_stkapate	test_run_kp	0	15.292	245.977
SIM	1576139622	LL-NB-08	ll_stkapate	test_run_kp	0	7.014	40.785
SIM	1576139909	LL-NB-08	ll_stkapate	test_run_kp	0	4.571	12.6109
SIM	1576140699	LL-NB-08	ll_stkapate	test_run_kp	0	16.015	271.397
SIM	1576140933	LL-NB-08	ll_stkapate	test_run_kp	0	5.559	22.5877
SIM	1576140965	LL-NB-08	ll_stkapate	test_run_kp	0	1.722	0.00444255
SIM	1576141041	LL-NB-08	ll_stkapate	test_run_kp	0	1.332	0.000872853
SIM	1576141153	LL-NB-08	ll_stkapate	test_run_kp	0	0.871	0.000263783
SIM	1576144677	LL-NB-08	ll_stkapate	test_run_kp	0	18.209	356.961
SIM	1576144705	LL-NB-08	ll_stkapate	test_run_kp	0	13.472	186.295
SIM	1576144749	LL-NB-08	ll_stkapate	test_run_kp	0	7.529	48.381
SIM	1576144793	LL-NB-08	ll_stkapate	test_run_kp	0	0.371	3.19187e-006
SIM	1576144820	LL-NB-08	ll_stkapate	test_run_kp	0	6.825	38.2441
SIM	1576144853	LL-NB-08	ll_stkapate	test_run_kp	0	8.83	71.2981
SIM	1576144884	LL-NB-08	ll_stkapate	test_run_kp	0	1.937	0.0791229
SIM	1576144969	LL-NB-08	ll_stkapate	test_run_kp	0	4.281	10.2225


SYSTEM_START	-	LL-NB-08	LL-NB-08	2019-12-12 11:03:44


SYSTEM_INFO	CarMaker 8.0.2 - Car_Generic #252	fh@obelix.ipg 2019-08-30 13:18:55	(8.0.2 fh@obelix.ipg 2019-08-30 13:18:50)
SIM	1576145025	LL-NB-08			0	0	0
SIM	1576145041	LL-NB-08	ll_stkapate	test_run_kp	0	3.82	6.94656
SIM	1576145052	LL-NB-08	ll_stkapate	test_run_kp	0	3.97	7.94599
SIM	1576145086	LL-NB-08	ll_stkapate	test_run_kp	0	7.505	48.007
SIM	1576145161	LL-NB-08	ll_stkapate	test_run_kp	0	3.407	4.51873


SYSTEM_START	-	LL-NB-08	LL-NB-08	2019-12-12 11:07:22


SYSTEM_INFO	CarMaker 8.0.2 - Car_Generic #252	fh@obelix.ipg 2019-08-30 13:18:55	(8.0.2 fh@obelix.ipg 2019-08-30 13:18:50)
SIM	1576145244	LL-NB-08			0	0	0
SIM	1576145246	LL-NB-08	ll_stkapate	test_run_kp	0	6.27	31.3089


SYSTEM_START	-	LL-NB-08	LL-NB-08	2019-12-12 11:09:08


SYSTEM_INFO	CarMaker 8.0.2 - Car_Generic #252	fh@obelix.ipg 2019-08-30 13:18:55	(8.0.2 fh@obelix.ipg 2019-08-30 13:18:50)
SIM	1576145349	LL-NB-08			0	0	0
SIM	1576145351	LL-NB-08	ll_stkapate	test_run_kp	0	6.009	28.0724
SIM	1576145409	LL-NB-08	ll_stkapate	test_run_kp	0	9.19	78.537
SIM	1576145442	LL-NB-08	ll_stkapate	test_run_kp	0	2.492	0.967765
SIM	1576145506	LL-NB-08	ll_stkapate	test_run_kp	0	3.904	7.49882
SIM	1576145632	LL-NB-08	ll_stkapate	test_run_kp	0	8.776	70.2457
SIM	1576145664	LL-NB-08	ll_stkapate	test_run_kp	0	3.203	3.50775
SIM	1576145779	LL-NB-08	ll_stkapate	test_run_kp	0	5.481	21.7051
SIM	1576148236	LL-NB-08	ll_stkapate	test_run_kp	0	13.455	185.762
SIM	1576148363	LL-NB-08	ll_stkapate	test_run_kp	0	10.913	115.804
SIM	1576148532	LL-NB-08	ll_stkapate	test_run_kp	0	0.851	0.000244086
SIM	1576157129	LL-NB-08	ll_stkapate	test_run_kp	0	5.352	20.255
SIM	1576157191	LL-NB-08	ll_stkapate	test_run_kp	0	7.635	50.0546
SIM	1576159681	LL-NB-08	ll_stkapate	test_run_kp	0	3.198	3.48454
SIM	1576166426	LL-NB-08	ll_stkapate	test_run_kp	0	32.014	929.818


SYSTEM_START	-	LL-NB-08	LL-NB-08	2019-12-13 08:34:41


SYSTEM_INFO	CarMaker 8.0.2 - Car_Generic #252	fh@obelix.ipg 2019-08-30 13:18:55	(8.0.2 fh@obelix.ipg 2019-08-30 13:18:50)
SIM	1576222482	LL-NB-08			0	0	0
SIM	1576222484	LL-NB-08	ll_stkapate	test_run_kp	0	1.826	0.0225052
SIM	1576222675	LL-NB-08	ll_stkapate	test_run_kp	0	11.109	120.495
SIM	1576222715	LL-NB-08	ll_stkapate	test_run_kp	0	5.689	24.1179
SIM	1576222812	LL-NB-08	ll_stkapate	test_run_kp	0	10.91	115.733


SYSTEM_START	-	LL-NB-08	LL-NB-08	2019-12-13 08:40:59


SYSTEM_INFO	CarMaker 8.0.2 - Car_Generic #252	fh@obelix.ipg 2019-08-30 13:18:55	(8.0.2 fh@obelix.ipg 2019-08-30 13:18:50)
SIM	1576222860	LL-NB-08			0	0	0
SIM	1576223169	LL-NB-08	ll_stkapate	test_run_kp	0	2.012	0.141538
SIM	1576223339	LL-NB-08	ll_stkapate	test_run_kp	0	4.735	14.0587


SYSTEM_START	-	LL-NB-08	LL-NB-08	2019-12-13 10:41:58


SYSTEM_INFO	CarMaker 8.0.2 - Car_Generic #252	fh@obelix.ipg 2019-08-30 13:18:55	(8.0.2 fh@obelix.ipg 2019-08-30 13:18:50)
SIM	1576230119	LL-NB-08			0	0	0
SIM	1576230122	LL-NB-08	ll_stkapate	test_run_kp	0	33.593	995.504
SIM	1576230710	LL-NB-08	ll_stkapate	test_run_kp	0	6.411	33.0639
SIM	1576231342	LL-NB-08	ll_stkapate	test_run_kp	0	17.866	342.973
SIM	1576232387	LL-NB-08	ll_stkapate	test_run_kp	0	7.741	51.7799
SIM	1576241986	LL-NB-08	ll_stkapate	test_run_kp	0	33.593	995.504
SIM	1576242097	LL-NB-08	ll_stkapate	test_run_kp	0	25.276	649.968
SIM	1576242133	LL-NB-08	ll_stkapate	test_run_kp	0	33.593	995.504
SIM	1576242403	LL-NB-08	ll_stkapate	test_run_kp	0	33.709	659.751
SIM	1576242467	LL-NB-08	ll_stkapate	test_run_kp	0	33.709	659.751
SIM	1576242509	LL-NB-08	ll_stkapate	test_run_kp	0	16.229	264.089
SIM	1576242549	LL-NB-08	ll_stkapate	test_run_kp	0	33.709	659.751
SIM	1576247671	LL-NB-08	ll_stkapate	test_run_kp	0	14.612	220.183
SIM	1576247706	LL-NB-08	ll_stkapate	test_run_kp	0	33.709	659.751
SIM	1576247777	LL-NB-08	ll_stkapate	test_run_kp	0	33.709	659.751


SYSTEM_START	-	LL-NB-08	LL-NB-08	2019-12-16 09:03:23


SYSTEM_INFO	CarMaker 8.0.2 - Car_Generic #252	fh@obelix.ipg 2019-08-30 13:18:55	(8.0.2 fh@obelix.ipg 2019-08-30 13:18:50)
SIM	1576483404	LL-NB-08			0	0	0
SIM	1576483435	LL-NB-08	ll_stkapate	test_run_kp	0	3.429	4.63525
SIM	1576483465	LL-NB-08	ll_stkapate	test_run_kp	0	25.371	653.967
