APPLICATION	CarMaker 8.0.2 - Car_Generic #252 (win64-8.0.2)
COMPILED	fh@obelix.ipg 2019-08-30 13:18:55
FIRST_INIT	(internal default used)	2019-12-09 14:20:36
TIME	0.000
SIM_END			0s	0m
IDLE	14:20:36
SIM_START	test_run_kp	2019-12-09 14:20:38
TIME	0.000
SIMULATE	test_run_kp

TIME	6.797
SIM_END		test_run_kp	6.794s	32.0469m
TIME	0.001
TIME	25.110
SIM_START	test_run_kp	2019-12-09 14:23:50
TIME	0.000
SIMULATE	test_run_kp

TIME	6.409
SIM_END		test_run_kp	6.406s	27.1985m
SIM_START	test_run_kp	2019-12-09 14:24:02
TIME	0.000
SIMULATE	test_run_kp

TIME	35.171
SIM_END		test_run_kp	35.168s	995.588m
TIME	42.713
SHUTDOWN	CarMaker quick shutdown initiated

