APPLICATION	CarMaker 8.0.2 - Car_Generic #252 (win64-8.0.2)
COMPILED	fh@obelix.ipg 2019-08-30 13:18:55
FIRST_INIT	(internal default used)	2019-12-11 08:29:01
TIME	0.000
SIM_END			0s	0m
IDLE	08:29:02
SIM_START	test_run_kp	2019-12-11 08:29:03
TIME	0.000
SIMULATE	test_run_kp

SIM_END		test_run_kp	0.786s	2.52977e-005m
TIME	51.255
SIM_START	test_run_kp	2019-12-11 08:37:31
TIME	0.000
SIMULATE	test_run_kp

TIME	17.167
SIM_END		test_run_kp	17.164s	269.49m
TIME	64.352
SIM_START	test_run_kp	2019-12-11 08:45:57
TIME	0.000
SIMULATE	test_run_kp

TIME	6.997
SIM_END		test_run_kp	6.994s	34.5351m
TIME	17.434
SIM_START	test_run_kp	2019-12-11 08:47:56
TIME	0.000
SIMULATE	test_run_kp

SIM_END		test_run_kp	0.562s	5.06711e-006m
TIME	46.537
SIM_START	test_run_kp	2019-12-11 08:55:38
TIME	0.000
SIMULATE	test_run_kp

TIME	10.238
SIM_END		test_run_kp	10.235s	86.9615m
TIME	28.801
SIM_START	test_run_kp	2019-12-11 08:59:04
TIME	0.000
SIMULATE	test_run_kp

SIM_END		test_run_kp	1.814s	0.000254522m
TIME	74.476
SIM_START	test_run_kp	2019-12-11 09:11:15
TIME	0.000
SIMULATE	test_run_kp

TIME	12.777
SIM_END		test_run_kp	12.774s	141.374m
TIME	71.094
SIM_START	test_run_kp	2019-12-11 09:21:24
TIME	0.000
SIMULATE	test_run_kp

TIME	8.450
SIM_END		test_run_kp	8.447s	55.457m
TIME	16.731
SIM_START	test_run_kp	2019-12-11 09:22:56
TIME	0.000
SIMULATE	test_run_kp

TIME	11.055
SIM_END		test_run_kp	11.052s	103.226m
TIME	19.199
SIM_START	test_run_kp	2019-12-11 09:24:40
TIME	0.000
SIMULATE	test_run_kp

TIME	12.115
SIM_END		test_run_kp	12.112s	125.923m
TIME	25.122
SIM_START	test_run_kp	2019-12-11 09:27:15
TIME	0.000
SIMULATE	test_run_kp

TIME	5.613
SIM_END		test_run_kp	5.61s	17.9492m
TIME	13.016
SIM_START	test_run_kp	2019-12-11 09:28:36
TIME	0.000
SIMULATE	test_run_kp

TIME	8.256
SIM_END		test_run_kp	8.253s	52.5425m
TIME	10.636
SIM_START	test_run_kp	2019-12-11 09:29:11
TIME	0.000
SIMULATE	test_run_kp

TIME	5.846
SIM_END		test_run_kp	5.843s	20.4566m
TIME	8.622
SIM_START	test_run_kp	2019-12-11 09:29:46
TIME	0.000
SIMULATE	test_run_kp

TIME	2.539
SIM_END		test_run_kp	2.536s	0.255973m
TIME	16.417
SIM_START	test_run_kp	2019-12-11 09:32:08
TIME	0.000
SIMULATE	test_run_kp

TIME	2.227
SIM_END		test_run_kp	2.224s	0.0231283m
TIME	7.139
SIM_START	test_run_kp	2019-12-11 09:33:01
TIME	0.000
SIMULATE	test_run_kp

TIME	9.726
SIM_END		test_run_kp	9.723s	76.9142m
SHUTDOWN	CarMaker quick shutdown initiated

